2017-10-30 00:45:04 INFO  TC0001_Verify_Login_With_Invalid_Credentials:31 - ==================verifyLoginWithInvalidCredentials=================
2017-10-30 00:45:04 INFO  HomePage:38 - Signing in
2017-10-30 00:45:24 INFO  HomePage:43 - Clicked Successfuly
2017-10-30 00:45:24 INFO  HomePage:47 - Error Message is Authentication failed.
2017-10-30 00:45:24 INFO  TC0001_Verify_Login_With_Invalid_Credentials:35 - ==================FinishedverifyingLoginWithInvalidCredentials=================
2017-11-01 13:45:40 INFO  TC0001_Verify_Login_With_Invalid_Credentials:31 - ==================verifyLoginWithInvalidCredentials=================
2017-11-01 13:45:40 INFO  HomePage:38 - Signing in
2017-11-01 13:45:44 INFO  HomePage:43 - Clicked Successfuly
2017-11-01 13:45:45 INFO  HomePage:47 - Error Message is Authentication failed.
2017-11-01 13:45:45 INFO  TC0001_Verify_Login_With_Invalid_Credentials:35 - ==================FinishedverifyingLoginWithInvalidCredentials=================
2017-11-01 17:47:36 INFO  TC0001_Verify_Login_With_Invalid_Credentials:31 - ==================verifyLoginWithInvalidCredentials=================
2017-11-01 17:50:38 INFO  TC0001_Verify_Login_With_Invalid_Credentials:32 - ==================verifyLoginWithInvalidCredentials=================
2017-11-01 17:50:38 INFO  HomePage:98 - Signing in
2017-11-01 17:51:43 INFO  TC0001_Verify_Login_With_Invalid_Credentials:32 - ==================verifyLoginWithInvalidCredentials=================
2017-11-01 17:51:43 INFO  HomePage:98 - Signing in
2017-11-01 17:51:54 INFO  TC0001_Verify_Login_With_Invalid_Credentials:35 - ==================FinishedverifyingLoginWithInvalidCredentials=================
2017-11-01 17:59:29 INFO  TC0001_Verify_Login_With_Invalid_Credentials:35 - ==================verifyLoginWithInvalidCredentials=================
2017-11-01 17:59:29 INFO  HomePage:98 - Signing in
2017-11-01 18:00:45 INFO  TC0001_Verify_Login_With_Invalid_Credentials:35 - ==================verifyLoginWithInvalidCredentials=================
2017-11-01 18:00:45 INFO  HomePage:98 - Signing in
2017-11-01 18:00:57 INFO  TC0001_Verify_Login_With_Invalid_Credentials:38 - ==================FinishedverifyingLoginWithInvalidCredentials=================
2017-11-01 18:06:23 INFO  TC0001_Verify_Login_With_Invalid_Credentials:36 - ==================verifyLoginWithInvalidCredentials=================
2017-11-01 18:06:23 INFO  HomePage:98 - Signing in
2017-11-01 18:06:35 INFO  TC0001_Verify_Login_With_Invalid_Credentials:39 - ==================FinishedverifyingLoginWithInvalidCredentials=================
2017-11-01 18:09:03 INFO  TC0001_Verify_Login_With_Invalid_Credentials:38 - ==================verifyLoginWithInvalidCredentials=================
2017-11-01 18:09:03 INFO  HomePage:98 - Signing in
2017-11-01 18:09:16 INFO  TC0001_Verify_Login_With_Invalid_Credentials:41 - ==================FinishedverifyingLoginWithInvalidCredentials=================
2017-11-01 18:12:06 INFO  TC0001_Verify_Login_With_Invalid_Credentials:38 - ==================verifyLoginWithInvalidCredentials=================
2017-11-01 18:12:06 INFO  HomePage:98 - Signing in
2017-11-01 18:12:24 INFO  TC0001_Verify_Login_With_Invalid_Credentials:41 - ==================FinishedverifyingLoginWithInvalidCredentials=================
2017-11-01 18:17:40 INFO  TC0001_Verify_Login_With_Invalid_Credentials:38 - ==================verifyLoginWithInvalidCredentials=================
2017-11-01 18:17:40 INFO  HomePage:98 - Signing in
2017-11-01 18:18:17 INFO  TC0001_Verify_Login_With_Invalid_Credentials:41 - ==================FinishedverifyingLoginWithInvalidCredentials=================
2017-11-01 18:18:32 INFO  HomePage:45 - Error Message is Harit Narke
2017-11-01 18:18:32 INFO  TC0001_Verify_Login_With_Invalid_Credentials:52 - ==================FinishedverifyingLoginWithInvalidCredentials=================
2017-11-01 18:24:34 INFO  TC0001_Verify_Login_With_Invalid_Credentials:38 - ==================verifyLoginWithInvalidCredentials=================
2017-11-01 18:24:34 INFO  HomePage:98 - Signing in
2017-11-01 18:24:45 INFO  TC0001_Verify_Login_With_Invalid_Credentials:41 - ==================FinishedverifyingLoginWithInvalidCredentials=================
2017-11-01 18:24:50 INFO  HomePage:45 - Error Message is Harit Narke
2017-11-01 19:32:56 INFO  TestBase:40 - Creating Object of chrome
2017-11-01 19:33:12 INFO  TestBase:28 - Navigating to :http://automationpractice.com/index.php
2017-11-01 19:33:13 INFO  TC0001_Verify_Login_With_Invalid_Credentials:41 - ==================verifyLoginWithInvalidCredentials=================
2017-11-01 19:33:13 INFO  HomePage:98 - Signing in
2017-11-01 19:33:44 INFO  TC0001_Verify_Login_With_Invalid_Credentials:34 - ==================verifyLoginWithInvalidCredentials=================
2017-11-01 19:33:44 INFO  HomePage:41 - Signing in
2017-11-01 20:24:18 INFO  TC0001_Verify_Login_With_Invalid_Credentials:34 - ==================verifyLoginWithInvalidCredentials=================
2017-11-01 20:24:18 INFO  HomePage:41 - Signing in
2017-11-01 20:24:23 INFO  HomePage:46 - Clicked Successfuly
2017-11-01 20:24:23 INFO  HomePage:56 - Error Message is Authentication failed.
2017-11-01 20:24:23 INFO  TC0001_Verify_Login_With_Invalid_Credentials:38 - ==================FinishedverifyingLoginWithInvalidCredentials=================
2017-11-01 21:29:34 INFO  TC0001_Verify_Login_With_Invalid_Credentials:42 - ==================verifyLoginWithInvalidCredentials=================
2017-11-01 21:29:34 INFO  HomePage:98 - Signing in
2017-11-01 21:29:46 INFO  TC0001_Verify_Login_With_Invalid_Credentials:45 - ==================FinishedverifyingLoginWithInvalidCredentials=================
2017-11-01 21:29:51 INFO  HomePage:45 - Error Message is Harit Narke
2017-11-01 21:29:51 INFO  TC0001_Verify_Login_With_Invalid_Credentials:56 - ==================FinishedverifyingLoginWithInvalidCredentials=================
2017-11-03 11:58:22 INFO  TC0001_Verify_Login_With_Invalid_Credentials:34 - ==================verifyLoginWithInvalidCredentials=================
2017-11-03 11:58:22 INFO  HomePage:41 - Signing in
2017-11-03 11:59:46 INFO  TC0001_Verify_Login_With_Invalid_Credentials:34 - ==================verifyLoginWithInvalidCredentials=================
2017-11-03 11:59:46 INFO  HomePage:41 - Signing in
2017-11-03 12:00:38 INFO  TC0001_Verify_Login_With_Invalid_Credentials:34 - ==================verifyLoginWithInvalidCredentials=================
2017-11-03 12:00:38 INFO  HomePage:41 - Signing in
2017-11-03 12:09:25 INFO  TC0001_Verify_Login_With_Invalid_Credentials:34 - ==================verifyLoginWithInvalidCredentials=================
2017-11-03 12:09:25 INFO  HomePage:41 - Signing in
2017-11-03 12:09:29 INFO  HomePage:46 - Clicked Successfuly
2017-11-03 12:09:29 INFO  HomePage:56 - Error Message is Authentication failed.
2017-11-03 12:09:29 INFO  TC0001_Verify_Login_With_Invalid_Credentials:38 - ==================FinishedverifyingLoginWithInvalidCredentials=================
2017-11-03 12:12:06 INFO  TC0001_Verify_Login_With_Invalid_Credentials:34 - ==================verifyLoginWithInvalidCredentials=================
2017-11-03 12:12:06 INFO  HomePage:41 - Signing in
2017-11-03 12:12:11 INFO  HomePage:46 - Clicked Successfuly
2017-11-03 12:12:11 INFO  HomePage:56 - Error Message is Authentication failed.
2017-11-03 12:12:11 INFO  TC0001_Verify_Login_With_Invalid_Credentials:38 - ==================FinishedverifyingLoginWithInvalidCredentials=================
2017-11-03 12:15:50 INFO  TC0001_Verify_Login_With_Invalid_Credentials:34 - ==================verifyLoginWithInvalidCredentials=================
2017-11-03 12:15:50 INFO  HomePage:41 - Signing in
2017-11-03 12:15:55 INFO  HomePage:46 - Clicked Successfuly
2017-11-03 12:15:55 INFO  HomePage:56 - Error Message is Authentication failed.
2017-11-03 12:15:55 INFO  TC0001_Verify_Login_With_Invalid_Credentials:38 - ==================FinishedverifyingLoginWithInvalidCredentials=================
2017-11-03 12:56:09 INFO  TC0001_Verify_Login_With_Invalid_Credentials:34 - ==================verifyLoginWithInvalidCredentials=================
2017-11-03 13:34:06 INFO  TC0001_Verify_Login_With_Invalid_Credentials:34 - ==================verifyLoginWithInvalidCredentials=================
2017-11-03 13:34:06 INFO  HomePage:50 - Signing in
2017-11-03 13:35:24 INFO  TC0001_Verify_Login_With_Invalid_Credentials:34 - ==================verifyLoginWithInvalidCredentials=================
2017-11-03 13:35:24 INFO  HomePage:50 - Signing in
2017-11-03 13:36:57 INFO  TC0001_Verify_Login_With_Invalid_Credentials:34 - ==================verifyLoginWithInvalidCredentials=================
2017-11-03 13:36:57 INFO  HomePage:49 - Signing in
2017-11-03 13:37:01 INFO  HomePage:54 - Clicked Successfuly
2017-11-03 13:37:01 INFO  HomePage:64 - Error Message is Authentication failed.
2017-11-03 13:37:02 INFO  TC0001_Verify_Login_With_Invalid_Credentials:38 - ==================FinishedverifyingLoginWithInvalidCredentials=================
2017-11-03 13:41:28 INFO  TC0001_Verify_Login_With_Invalid_Credentials:34 - ==================verifyLoginWithInvalidCredentials=================
2017-11-03 13:41:28 INFO  HomePage:50 - Signing in
2017-11-03 13:43:38 INFO  TC0001_Verify_Login_With_Invalid_Credentials:34 - ==================verifyLoginWithInvalidCredentials=================
2017-11-03 13:43:38 INFO  HomePage:50 - Signing in
2017-11-03 13:45:48 INFO  TC0001_Verify_Login_With_Invalid_Credentials:34 - ==================verifyLoginWithInvalidCredentials=================
2017-11-03 13:45:48 INFO  HomePage:50 - Signing in
2017-11-03 13:47:09 INFO  TC0001_Verify_Login_With_Invalid_Credentials:34 - ==================verifyLoginWithInvalidCredentials=================
2017-11-03 13:47:09 INFO  HomePage:50 - Signing in
2017-11-03 13:48:21 INFO  TC0001_Verify_Login_With_Invalid_Credentials:34 - ==================verifyLoginWithInvalidCredentials=================
2017-11-03 13:48:21 INFO  HomePage:50 - Signing in
2017-11-03 13:49:33 INFO  TC0001_Verify_Login_With_Invalid_Credentials:34 - ==================verifyLoginWithInvalidCredentials=================
2017-11-03 13:49:33 INFO  HomePage:50 - Signing in
2017-11-03 13:56:12 INFO  TC0001_Verify_Login_With_Invalid_Credentials:34 - ==================verifyLoginWithInvalidCredentials=================
2017-11-03 13:56:12 INFO  HomePage:50 - Signing in
2017-11-03 13:59:37 INFO  TC0001_Verify_Login_With_Invalid_Credentials:34 - ==================verifyLoginWithInvalidCredentials=================
2017-11-03 13:59:37 INFO  HomePage:50 - Signing in
2017-11-03 14:01:53 INFO  TC0001_Verify_Login_With_Invalid_Credentials:35 - ==================verifyLoginWithInvalidCredentials=================
2017-11-03 14:01:53 INFO  HomePage:50 - Signing in
2017-11-03 14:09:11 INFO  TC0001_Verify_Login_With_Invalid_Credentials:35 - ==================verifyLoginWithInvalidCredentials=================
2017-11-03 14:09:11 INFO  HomePage:51 - Signing in
2017-11-03 14:10:57 INFO  TC0001_Verify_Login_With_Invalid_Credentials:35 - ==================verifyLoginWithInvalidCredentials=================
2017-11-03 14:10:57 INFO  HomePage:51 - Signing in
2017-11-03 14:11:04 INFO  HomePage:58 - Clicked Successfuly
2017-11-03 14:11:04 INFO  HomePage:68 - Error Message is Authentication failed.
2017-11-03 14:11:04 INFO  TC0001_Verify_Login_With_Invalid_Credentials:39 - ==================FinishedverifyingLoginWithInvalidCredentials=================
2017-11-03 14:39:59 INFO  TC0001_Verify_Login_With_Invalid_Credentials:35 - ==================verifyLoginWithInvalidCredentials=================
2017-11-03 14:39:59 INFO  HomePage:46 - Signing in
2017-11-03 14:42:42 INFO  TC0001_Verify_Login_With_Invalid_Credentials:35 - ==================verifyLoginWithInvalidCredentials=================
2017-11-03 14:42:42 INFO  HomePage:46 - Signing in
2017-11-03 14:42:47 INFO  HomePage:52 - Clicked Successfuly
2017-11-03 14:42:47 INFO  HomePage:62 - Error Message is Authentication failed.
2017-11-03 14:42:47 INFO  TC0001_Verify_Login_With_Invalid_Credentials:39 - ==================FinishedverifyingLoginWithInvalidCredentials=================
2017-11-03 15:01:55 INFO  TC0001_Verify_Login_With_Invalid_Credentials:41 - ==================verifyLoginWithInvalidCredentials=================
2017-11-03 15:01:55 INFO  HomePage:100 - Signing in
2017-11-03 15:04:16 INFO  TC0001_Verify_Login_With_Invalid_Credentials:41 - ==================verifyLoginWithInvalidCredentials=================
2017-11-03 15:04:16 INFO  HomePage:100 - Signing in
2017-11-03 15:06:31 INFO  TC0001_Verify_Login_With_Invalid_Credentials:41 - ==================verifyLoginWithInvalidCredentials=================
2017-11-03 15:06:31 INFO  HomePage:100 - Signing in
2017-11-03 15:08:00 INFO  TC0001_Verify_Login_With_Invalid_Credentials:41 - ==================verifyLoginWithInvalidCredentials=================
2017-11-03 15:08:00 INFO  HomePage:100 - Signing in
2017-11-03 15:08:12 INFO  TC0001_Verify_Login_With_Invalid_Credentials:44 - ==================FinishedverifyingLoginWithInvalidCredentials=================
2017-11-03 15:08:20 INFO  HomePage:45 - Error Message is Harit Narke
2017-11-03 15:08:20 INFO  TC0001_Verify_Login_With_Invalid_Credentials:55 - ==================FinishedverifyingLoginWithInvalidCredentials=================
2017-11-03 15:11:49 INFO  TC0001_Verify_Login_With_Invalid_Credentials:41 - ==================verifyLoginWithInvalidCredentials=================
2017-11-03 15:11:49 INFO  HomePage:100 - Signing in
2017-11-03 15:17:09 INFO  TC0001_Verify_Login_With_Invalid_Credentials:41 - ==================verifyLoginWithInvalidCredentials=================
2017-11-03 15:17:09 INFO  HomePage:102 - Signing in
2017-11-03 15:17:19 INFO  TC0001_Verify_Login_With_Invalid_Credentials:44 - ==================FinishedverifyingLoginWithInvalidCredentials=================
2017-11-03 15:17:25 INFO  HomePage:45 - Error Message is Harit Narke
2017-11-03 15:17:25 INFO  TC0001_Verify_Login_With_Invalid_Credentials:55 - ==================FinishedverifyingLoginWithInvalidCredentials=================
2017-11-03 15:19:26 INFO  TC0001_Verify_Login_With_Invalid_Credentials:41 - ==================verifyLoginWithInvalidCredentials=================
2017-11-03 15:19:26 INFO  HomePage:104 - Signing in
2017-11-03 15:29:53 INFO  TC0001_Verify_Login_With_Invalid_Credentials:41 - ==================verifyLoginWithInvalidCredentials=================
2017-11-03 15:29:54 INFO  HomePage:104 - Signing in
2017-11-03 15:30:04 INFO  TC0001_Verify_Login_With_Invalid_Credentials:44 - ==================FinishedverifyingLoginWithInvalidCredentials=================
2017-11-03 15:30:11 INFO  HomePage:45 - Error Message is Harit Narke
2017-11-03 15:30:11 INFO  TC0001_Verify_Login_With_Invalid_Credentials:55 - ==================FinishedverifyingLoginWithInvalidCredentials=================
2017-11-03 15:39:15 INFO  TC0001_Verify_Login_With_Invalid_Credentials:42 - ==================verifyLoginWithInvalidCredentials=================
2017-11-03 15:39:15 INFO  HomePage:104 - Signing in
2017-11-03 15:39:26 INFO  TC0001_Verify_Login_With_Invalid_Credentials:45 - ==================FinishedverifyingLoginWithInvalidCredentials=================
2017-11-03 15:39:31 INFO  HomePage:45 - Error Message is Harit Narke
2017-11-03 15:39:31 INFO  TC0001_Verify_Login_With_Invalid_Credentials:57 - ==================FinishedverifyingLoginWithInvalidCredentials=================
2017-11-03 15:45:32 INFO  TC0001_Verify_Login_With_Invalid_Credentials:42 - ==================verifyLoginWithInvalidCredentials=================
2017-11-03 15:45:32 INFO  HomePage:104 - Signing in
2017-11-03 15:45:42 INFO  TC0001_Verify_Login_With_Invalid_Credentials:45 - ==================FinishedverifyingLoginWithInvalidCredentials=================
2017-11-03 15:46:45 INFO  TC0001_Verify_Login_With_Invalid_Credentials:42 - ==================verifyLoginWithInvalidCredentials=================
2017-11-03 15:46:45 INFO  HomePage:104 - Signing in
2017-11-03 15:46:55 INFO  TC0001_Verify_Login_With_Invalid_Credentials:45 - ==================FinishedverifyingLoginWithInvalidCredentials=================
2017-11-03 15:47:00 INFO  HomePage:45 - Error Message is Harit Narke
2017-11-03 15:50:11 INFO  TC0001_Verify_Login_With_Invalid_Credentials:42 - ==================verifyLoginWithInvalidCredentials=================
2017-11-03 15:50:11 INFO  HomePage:104 - Signing in
2017-11-03 15:50:21 INFO  TC0001_Verify_Login_With_Invalid_Credentials:45 - ==================FinishedverifyingLoginWithInvalidCredentials=================
2017-11-03 15:51:10 INFO  TC0001_Verify_Login_With_Invalid_Credentials:42 - ==================verifyLoginWithInvalidCredentials=================
2017-11-03 15:51:10 INFO  HomePage:104 - Signing in
2017-11-03 15:51:21 INFO  TC0001_Verify_Login_With_Invalid_Credentials:45 - ==================FinishedverifyingLoginWithInvalidCredentials=================
2017-11-03 15:51:26 INFO  HomePage:48 - Error Message is Narke Haritt
2017-11-03 15:51:26 INFO  TC0001_Verify_Login_With_Invalid_Credentials:59 - ==================FinishedverifyingLoginWithInvalidCredentials=================
2017-11-03 16:22:46 INFO  TC0001_Verify_Login_With_Invalid_Credentials:44 - ==================verifyLoginWithInvalidCredentials=================
2017-11-03 16:22:46 INFO  HomePage:104 - Signing in
2017-11-03 16:24:04 INFO  TC0001_Verify_Login_With_Invalid_Credentials:45 - ==================verifyLoginWithInvalidCredentials=================
2017-11-03 16:24:04 INFO  HomePage:104 - Signing in
2017-11-03 16:33:38 INFO  TC0001_Verify_Login_With_Invalid_Credentials:45 - ==================verifyLoginWithInvalidCredentials=================
2017-11-03 16:33:38 INFO  HomePage:104 - Signing in
2017-11-03 16:37:49 INFO  TC0001_Verify_Login_With_Invalid_Credentials:31 - ==================verifyLoginWithInvalidCredentials=================
2017-11-03 16:37:49 INFO  HomePage:104 - Signing in
2017-11-03 16:45:28 INFO  TC0001_Verify_Login_With_Invalid_Credentials:31 - ==================verifyLoginWithInvalidCredentials=================
2017-11-03 16:45:28 INFO  HomePage:104 - Signing in
2017-11-03 16:47:46 INFO  TC0001_Verify_Login_With_Invalid_Credentials:31 - ==================verifyLoginWithInvalidCredentials=================
2017-11-03 16:47:46 INFO  HomePage:104 - Signing in
2017-11-03 16:58:36 INFO  TC0001_Verify_Login_With_Invalid_Credentials:31 - ==================verifyLoginWithInvalidCredentials=================
2017-11-03 16:58:36 INFO  HomePage:110 - Signing in
2017-11-03 17:02:19 INFO  TC0001_Verify_Login_With_Invalid_Credentials:31 - ==================verifyLoginWithInvalidCredentials=================
2017-11-03 17:02:19 INFO  HomePage:110 - Signing in
2017-11-03 17:04:12 INFO  TC0001_Verify_Login_With_Invalid_Credentials:31 - ==================verifyLoginWithInvalidCredentials=================
2017-11-03 17:04:12 INFO  HomePage:110 - Signing in
2017-11-03 17:06:01 INFO  TC0001_Verify_Login_With_Invalid_Credentials:31 - ==================verifyLoginWithInvalidCredentials=================
2017-11-03 17:06:01 INFO  HomePage:110 - Signing in
2017-11-03 17:08:58 INFO  TC0001_Verify_Login_With_Invalid_Credentials:31 - ==================verifyLoginWithInvalidCredentials=================
2017-11-03 17:08:58 INFO  HomePage:114 - Signing in
2017-11-03 17:12:28 INFO  TC0001_Verify_Login_With_Invalid_Credentials:31 - ==================verifyLoginWithInvalidCredentials=================
2017-11-03 17:12:28 INFO  HomePage:110 - Signing in
2017-11-03 17:15:06 INFO  TC0001_Verify_Login_With_Invalid_Credentials:31 - ==================verifyLoginWithInvalidCredentials=================
2017-11-03 17:15:06 INFO  HomePage:109 - Signing in
2017-11-03 17:24:29 INFO  TC0001_Verify_Login_With_Invalid_Credentials:32 - ==================verifyLoginWithInvalidCredentials=================
2017-11-03 17:24:29 INFO  HomePage:111 - Signing in
2017-11-03 17:25:02 INFO  TC0001_Verify_Login_With_Invalid_Credentials:35 - ==================FinishedverifyingLoginWithInvalidCredentials=================
2017-11-03 17:27:43 INFO  TC0001_Verify_Login_With_Invalid_Credentials:32 - ==================verifyLoginWithInvalidCredentials=================
2017-11-03 17:27:43 INFO  HomePage:111 - Signing in
2017-11-03 17:27:54 INFO  TC0001_Verify_Login_With_Invalid_Credentials:35 - ==================FinishedverifyingLoginWithInvalidCredentials=================
2017-11-03 17:27:59 INFO  HomePage:48 - Error Message is Narkees Haritt
2017-11-03 17:28:00 INFO  TC0001_Verify_Login_With_Invalid_Credentials:49 - ==================FinishedverifyingLoginWithInvalidCredentials=================
2017-11-03 17:56:11 INFO  TC0001_Verify_Login_With_Invalid_Credentials:46 - ==================verifyLoginWithInvalidCredentials=================
2017-11-03 17:56:11 INFO  HomePage:111 - Signing in
2017-11-03 17:56:21 INFO  TC0001_Verify_Login_With_Invalid_Credentials:49 - ==================FinishedverifyingLoginWithInvalidCredentials=================
2017-11-03 17:56:27 INFO  HomePage:48 - Error Message is Narkees Haritt
2017-11-03 17:56:27 INFO  TC0001_Verify_Login_With_Invalid_Credentials:61 - ==================FinishedverifyingLoginWithInvalidCredentials=================
2017-11-03 17:58:05 INFO  TC0001_Verify_Login_With_Invalid_Credentials:46 - ==================verifyLoginWithInvalidCredentials=================
2017-11-03 17:58:05 INFO  HomePage:111 - Signing in
2017-11-03 17:59:00 INFO  TC0001_Verify_Login_With_Invalid_Credentials:46 - ==================verifyLoginWithInvalidCredentials=================
2017-11-03 17:59:00 INFO  HomePage:111 - Signing in
2017-11-03 17:59:11 INFO  TC0001_Verify_Login_With_Invalid_Credentials:49 - ==================FinishedverifyingLoginWithInvalidCredentials=================
2017-11-03 17:59:16 INFO  HomePage:48 - Error Message is Narkees Haritt
2017-11-03 17:59:16 INFO  TC0001_Verify_Login_With_Invalid_Credentials:61 - ==================FinishedverifyingLoginWithInvalidCredentials=================
2017-11-03 18:03:19 INFO  TC0001_Verify_Login_With_Invalid_Credentials:46 - ==================verifyLoginWithInvalidCredentials=================
2017-11-03 18:03:19 INFO  HomePage:111 - Signing in
2017-11-03 18:04:14 INFO  TC0001_Verify_Login_With_Invalid_Credentials:46 - ==================verifyLoginWithInvalidCredentials=================
2017-11-03 18:04:14 INFO  HomePage:111 - Signing in
2017-11-03 18:04:25 INFO  TC0001_Verify_Login_With_Invalid_Credentials:49 - ==================FinishedverifyingLoginWithInvalidCredentials=================
2017-11-03 18:04:30 INFO  HomePage:48 - Error Message is Narkees Haritt
2017-11-03 18:04:30 INFO  TC0001_Verify_Login_With_Invalid_Credentials:61 - ==================FinishedverifyingLoginWithInvalidCredentials=================
2017-11-03 18:06:20 INFO  TC0001_Verify_Login_With_Invalid_Credentials:46 - ==================verifyLoginWithInvalidCredentials=================
2017-11-03 18:06:20 INFO  HomePage:111 - Signing in
2017-11-03 18:06:32 INFO  TC0001_Verify_Login_With_Invalid_Credentials:49 - ==================FinishedverifyingLoginWithInvalidCredentials=================
2017-11-03 18:06:39 INFO  HomePage:48 - Error Message is Narkees Haritt
2017-11-03 18:06:39 INFO  TC0001_Verify_Login_With_Invalid_Credentials:61 - ==================FinishedverifyingLoginWithInvalidCredentials=================
2017-11-03 18:24:54 INFO  TestBase:26 - ==================verifyLoginWithInvalidCredentials=================
2017-11-03 18:33:19 INFO  TestBase:28 - ==================verifyLoginWithInvalidCredentials=================
2017-11-03 18:33:20 INFO  HomePage:46 - Signing in
2017-11-03 18:33:24 INFO  HomePage:52 - Clicked Successfuly
2017-11-03 18:33:24 INFO  HomePage:62 - Error Message is Authentication failed.
2017-11-03 18:33:24 INFO  TestBase:32 - ==================FinishedverifyingLoginWithInvalidCredentials=================
2017-11-03 18:55:36 INFO  TestBase:28 - ==================verifyLoginWithInvalidCredentials=================
2017-11-03 18:55:36 INFO  HomePage:46 - Signing in
2017-11-03 18:55:41 INFO  HomePage:52 - Clicked Successfuly
2017-11-03 18:55:41 INFO  HomePage:62 - Error Message is Authentication failed.
2017-11-03 18:55:41 INFO  TestBase:32 - ==================FinishedverifyingLoginWithInvalidCredentials=================
2017-11-03 18:56:33 INFO  TC0001_Verify_Login_With_Invalid_Credentials:46 - ==================verifyLoginWithInvalidCredentials=================
2017-11-03 18:56:33 INFO  HomePage:111 - Signing in
2017-11-03 18:59:23 INFO  TestBase:28 - ==================verifyLoginWithInvalidCredentials=================
2017-11-03 18:59:23 INFO  HomePage:46 - Signing in
2017-11-03 18:59:28 INFO  HomePage:52 - Clicked Successfuly
2017-11-03 19:06:28 INFO  TestBase:29 - ==================verifyLoginWithInvalidCredentials=================
2017-11-03 19:06:28 INFO  HomePage:46 - Signing in
2017-11-03 19:06:33 INFO  HomePage:52 - Clicked Successfuly
2017-11-03 19:22:13 INFO  TestBase:29 - ==================verifyLoginWithInvalidCredentials=================
2017-11-03 19:22:13 INFO  HomePage:46 - Signing in
2017-11-03 19:22:20 INFO  HomePage:52 - Clicked Successfuly
2017-11-03 19:29:20 INFO  TestBase:25 - ==================verifyLoginWithInvalidCredentials=================
2017-11-03 19:29:20 INFO  HomePage:46 - Signing in
2017-11-03 19:29:29 INFO  HomePage:52 - Clicked Successfuly
2017-11-03 19:30:57 INFO  TestBase:25 - ==================verifyLoginWithInvalidCredentials=================
2017-11-03 19:30:57 INFO  HomePage:46 - Signing in
2017-11-03 19:31:06 INFO  HomePage:52 - Clicked Successfuly
2017-11-03 19:33:21 INFO  TestBase:25 - ==================verifyLoginWithInvalidCredentials=================
2017-11-03 19:33:21 INFO  HomePage:46 - Signing in
2017-11-03 19:33:52 INFO  HomePage:52 - Clicked Successfuly
2017-11-03 19:40:30 INFO  TestBase:25 - ==================verifyLoginWithInvalidCredentials=================
2017-11-03 19:40:30 INFO  HomePage:46 - Signing in
2017-11-03 19:40:37 INFO  HomePage:52 - Clicked Successfuly
2017-11-03 19:47:08 INFO  TestBase:25 - ==================verifyLoginWithInvalidCredentials=================
2017-11-03 19:47:08 INFO  HomePage:46 - Signing in
2017-11-03 19:47:29 INFO  HomePage:52 - Clicked Successfuly
2017-11-03 19:49:13 INFO  TestBase:25 - ==================verifyLoginWithInvalidCredentials=================
2017-11-03 19:49:13 INFO  HomePage:46 - Signing in
2017-11-03 19:49:21 INFO  HomePage:52 - Clicked Successfuly
2017-11-03 19:51:42 INFO  TestBase:25 - ==================verifyLoginWithInvalidCredentials=================
2017-11-03 19:51:42 INFO  HomePage:46 - Signing in
2017-11-03 19:51:47 INFO  HomePage:52 - Clicked Successfuly
2017-11-03 20:14:20 INFO  TestBase:25 - ==================verifyLoginWithInvalidCredentials=================
2017-11-03 20:14:20 INFO  HomePage:46 - Signing in
2017-11-03 20:14:25 INFO  HomePage:52 - Clicked Successfuly
2017-11-03 20:17:25 INFO  TestBase:25 - ==================verifyLoginWithInvalidCredentials=================
2017-11-03 20:17:25 INFO  HomePage:46 - Signing in
2017-11-03 20:17:30 INFO  HomePage:52 - Clicked Successfuly
2017-11-03 20:18:53 INFO  TestBase:25 - ==================verifyLoginWithInvalidCredentials=================
2017-11-03 20:18:53 INFO  HomePage:46 - Signing in
2017-11-03 20:18:58 INFO  HomePage:52 - Clicked Successfuly
2017-11-03 20:20:32 INFO  TestBase:25 - ==================verifyLoginWithInvalidCredentials=================
2017-11-03 20:20:32 INFO  HomePage:46 - Signing in
2017-11-03 20:20:37 INFO  HomePage:52 - Clicked Successfuly
2017-11-03 20:23:42 INFO  TestBase:25 - ==================verifyLoginWithInvalidCredentials=================
2017-11-03 20:23:42 INFO  HomePage:46 - Signing in
2017-11-03 20:23:47 INFO  HomePage:52 - Clicked Successfuly
2017-11-03 20:24:36 INFO  TestBase:25 - ==================verifyLoginWithInvalidCredentials=================
2017-11-03 20:24:36 INFO  HomePage:46 - Signing in
2017-11-03 20:24:41 INFO  HomePage:52 - Clicked Successfuly
2017-11-03 20:40:18 INFO  TestBase:25 - ==================verifyLoginWithInvalidCredentials=================
2017-11-03 20:40:18 INFO  HomePage:46 - Signing in
2017-11-03 20:40:23 INFO  HomePage:52 - Clicked Successfuly
2017-11-03 20:52:01 INFO  TestBase:25 - ==================verifyLoginWithInvalidCredentials=================
2017-11-03 20:52:01 INFO  HomePage:46 - Signing in
2017-11-03 20:52:07 INFO  HomePage:52 - Clicked Successfuly
2017-11-03 20:53:17 INFO  TestBase:25 - ==================verifyLoginWithInvalidCredentials=================
2017-11-03 20:53:17 INFO  HomePage:46 - Signing in
2017-11-03 20:53:23 INFO  HomePage:52 - Clicked Successfuly
2017-11-03 21:16:45 INFO  TestBase:25 - ==================verifyLoginWithInvalidCredentials=================
2017-11-03 21:16:45 INFO  HomePage:46 - Signing in
2017-11-03 21:16:55 INFO  HomePage:52 - Clicked Successfuly
2017-11-03 21:26:28 INFO  TestBase:25 - ==================verifyLoginWithInvalidCredentials=================
2017-11-03 21:26:28 INFO  HomePage:46 - Signing in
2017-11-03 21:26:34 INFO  HomePage:52 - Clicked Successfuly
2017-11-03 21:28:58 INFO  TestBase:25 - ==================verifyLoginWithInvalidCredentials=================
2017-11-03 21:28:58 INFO  HomePage:46 - Signing in
2017-11-03 21:29:09 INFO  HomePage:52 - Clicked Successfuly
2017-11-03 21:31:28 INFO  TestBase:25 - ==================verifyLoginWithInvalidCredentials=================
2017-11-03 21:31:28 INFO  HomePage:46 - Signing in
2017-11-03 21:31:34 INFO  HomePage:52 - Clicked Successfuly
2017-11-03 21:33:35 INFO  TestBase:25 - ==================verifyLoginWithInvalidCredentials=================
2017-11-03 21:33:35 INFO  HomePage:46 - Signing in
2017-11-03 21:33:40 INFO  HomePage:52 - Clicked Successfuly
2017-11-03 21:40:30 INFO  TestBase:25 - ==================verifyLoginWithInvalidCredentials=================
2017-11-03 21:40:30 INFO  HomePage:46 - Signing in
2017-11-03 21:40:36 INFO  HomePage:52 - Clicked Successfuly
2017-11-03 21:43:40 INFO  TestBase:25 - ==================verifyLoginWithInvalidCredentials=================
2017-11-03 21:43:40 INFO  HomePage:46 - Signing in
2017-11-03 21:43:46 INFO  HomePage:52 - Clicked Successfuly
2017-11-03 21:46:11 INFO  TestBase:25 - ==================verifyLoginWithInvalidCredentials=================
2017-11-03 21:46:11 INFO  HomePage:46 - Signing in
2017-11-03 21:46:16 INFO  HomePage:52 - Clicked Successfuly
2017-11-03 23:06:00 INFO  TestBase:25 - ==================verifyLoginWithInvalidCredentials=================
2017-11-03 23:06:00 INFO  HomePage:46 - Signing in
2017-11-03 23:06:06 INFO  HomePage:52 - Clicked Successfuly
2017-11-03 23:08:12 INFO  TestBase:25 - ==================verifyLoginWithInvalidCredentials=================
2017-11-03 23:08:13 INFO  HomePage:46 - Signing in
2017-11-03 23:08:18 INFO  HomePage:52 - Clicked Successfuly
2017-11-03 23:10:20 INFO  TestBase:25 - ==================verifyLoginWithInvalidCredentials=================
2017-11-03 23:10:20 INFO  HomePage:46 - Signing in
2017-11-03 23:10:25 INFO  HomePage:52 - Clicked Successfuly
2017-11-03 23:11:06 INFO  TestBase:25 - ==================verifyLoginWithInvalidCredentials=================
2017-11-03 23:11:06 INFO  HomePage:46 - Signing in
2017-11-03 23:11:11 INFO  HomePage:52 - Clicked Successfuly
2017-11-03 23:13:42 INFO  TestBase:25 - ==================verifyLoginWithInvalidCredentials=================
2017-11-03 23:13:42 INFO  HomePage:46 - Signing in
2017-11-03 23:13:48 INFO  HomePage:52 - Clicked Successfuly
2017-11-03 23:18:31 INFO  TestBase:25 - ==================verifyLoginWithInvalidCredentials=================
2017-11-03 23:18:31 INFO  HomePage:46 - Signing in
2017-11-03 23:18:36 INFO  HomePage:52 - Clicked Successfuly
2017-11-03 23:22:24 INFO  TestBase:25 - ==================verifyLoginWithInvalidCredentials=================
2017-11-03 23:22:24 INFO  HomePage:46 - Signing in
2017-11-03 23:22:29 INFO  HomePage:52 - Clicked Successfuly
2017-11-03 23:25:01 INFO  TestBase:25 - ==================verifyLoginWithInvalidCredentials=================
2017-11-03 23:25:01 INFO  HomePage:46 - Signing in
2017-11-03 23:25:08 INFO  HomePage:52 - Clicked Successfuly
2017-11-03 23:28:41 INFO  TestBase:25 - ==================verifyLoginWithInvalidCredentials=================
2017-11-03 23:28:41 INFO  HomePage:46 - Signing in
2017-11-03 23:28:47 INFO  HomePage:52 - Clicked Successfuly
2017-11-03 23:30:09 INFO  TestBase:25 - ==================verifyLoginWithInvalidCredentials=================
2017-11-03 23:30:09 INFO  HomePage:46 - Signing in
2017-11-03 23:30:15 INFO  HomePage:52 - Clicked Successfuly
2017-11-03 23:33:55 INFO  TestBase:25 - ==================verifyLoginWithInvalidCredentials=================
2017-11-03 23:33:55 INFO  HomePage:46 - Signing in
2017-11-03 23:34:00 INFO  HomePage:52 - Clicked Successfuly
2017-11-03 23:36:46 INFO  TestBase:25 - ==================verifyLoginWithInvalidCredentials=================
2017-11-03 23:36:46 INFO  HomePage:46 - Signing in
2017-11-03 23:36:51 INFO  HomePage:52 - Clicked Successfuly
2017-11-03 23:40:23 INFO  TestBase:25 - ==================verifyLoginWithInvalidCredentials=================
2017-11-03 23:40:23 INFO  HomePage:46 - Signing in
2017-11-03 23:40:29 INFO  HomePage:52 - Clicked Successfuly
2017-11-03 23:42:10 INFO  TestBase:25 - ==================verifyLoginWithInvalidCredentials=================
2017-11-03 23:42:10 INFO  HomePage:46 - Signing in
2017-11-03 23:42:15 INFO  HomePage:52 - Clicked Successfuly
2017-11-03 23:44:00 INFO  TestBase:25 - ==================verifyLoginWithInvalidCredentials=================
2017-11-03 23:44:00 INFO  HomePage:46 - Signing in
2017-11-03 23:44:06 INFO  HomePage:52 - Clicked Successfuly
2017-11-03 23:47:34 INFO  TestBase:25 - ==================verifyLoginWithInvalidCredentials=================
2017-11-03 23:47:34 INFO  HomePage:46 - Signing in
2017-11-03 23:47:39 INFO  HomePage:52 - Clicked Successfuly
2017-11-03 23:49:40 INFO  TestBase:25 - ==================verifyLoginWithInvalidCredentials=================
2017-11-03 23:49:40 INFO  HomePage:46 - Signing in
2017-11-03 23:49:45 INFO  HomePage:52 - Clicked Successfuly
2017-11-03 23:53:01 INFO  TestBase:26 - ==================verifyLoginWithInvalidCredentials=================
2017-11-03 23:53:01 INFO  HomePage:46 - Signing in
2017-11-03 23:53:07 INFO  HomePage:52 - Clicked Successfuly
2017-11-03 23:54:28 INFO  TestBase:26 - ==================verifyLoginWithInvalidCredentials=================
2017-11-03 23:54:28 INFO  HomePage:46 - Signing in
2017-11-03 23:54:33 INFO  HomePage:52 - Clicked Successfuly
2017-11-03 23:59:15 INFO  TestBase:26 - ==================verifyLoginWithInvalidCredentials=================
2017-11-03 23:59:15 INFO  HomePage:46 - Signing in
2017-11-04 00:00:01 INFO  HomePage:52 - Clicked Successfuly
2017-11-04 00:01:50 INFO  TestBase:26 - ==================verifyLoginWithInvalidCredentials=================
2017-11-04 00:01:50 INFO  HomePage:46 - Signing in
2017-11-04 00:01:57 INFO  HomePage:52 - Clicked Successfuly
2017-11-04 00:03:22 INFO  TestBase:26 - ==================verifyLoginWithInvalidCredentials=================
2017-11-04 00:03:22 INFO  HomePage:46 - Signing in
2017-11-04 00:03:28 INFO  HomePage:52 - Clicked Successfuly
2017-11-04 00:04:56 INFO  TestBase:26 - ==================verifyLoginWithInvalidCredentials=================
2017-11-04 00:04:56 INFO  HomePage:46 - Signing in
2017-11-04 00:05:03 INFO  HomePage:52 - Clicked Successfuly
2017-11-04 00:07:09 INFO  TestBase:26 - ==================verifyLoginWithInvalidCredentials=================
2017-11-04 00:07:09 INFO  HomePage:46 - Signing in
2017-11-04 00:07:16 INFO  HomePage:52 - Clicked Successfuly
2017-11-04 00:08:52 INFO  TestBase:26 - ==================verifyLoginWithInvalidCredentials=================
2017-11-04 00:08:52 INFO  HomePage:46 - Signing in
2017-11-04 00:08:58 INFO  HomePage:52 - Clicked Successfuly
2017-11-04 00:15:05 INFO  TC0001_Verify_Login_With_Invalid_Credentials:35 - ==================verifyLoginWithInvalidCredentials=================
2017-11-04 00:15:05 INFO  HomePage:111 - Signing in
2017-11-04 00:15:19 INFO  TC0001_Verify_Login_With_Invalid_Credentials:39 - ==================FinishedverifyingLoginWithInvalidCredentials=================
2017-11-04 00:15:24 INFO  HomePage:48 - Error Message is Hary Narke
2017-11-04 00:15:24 INFO  TC0001_Verify_Login_With_Invalid_Credentials:52 - ==================FinishedverifyingLoginWithInvalidCredentials=================
2017-11-04 00:17:20 INFO  TC0001_Verify_Login_With_Invalid_Credentials:36 - ==================verifyLoginWithInvalidCredentials=================
2017-11-04 00:17:20 INFO  HomePage:111 - Signing in
2017-11-04 00:17:55 INFO  TC0001_Verify_Login_With_Invalid_Credentials:40 - ==================FinishedverifyingLoginWithInvalidCredentials=================
2017-11-04 19:48:31 INFO  TestBase:26 - ==================verifyLoginWithInvalidCredentials=================
2017-11-04 19:48:31 INFO  HomePage:46 - Signing in
2017-11-04 19:48:38 INFO  HomePage:52 - Clicked Successfuly
2017-11-05 09:54:53 INFO  TestBase:26 - ==================verifyLoginWithInvalidCredentials=================
2017-11-05 09:54:53 INFO  HomePage:46 - Signing in
2017-11-05 09:55:00 INFO  HomePage:52 - Clicked Successfuly
2017-11-05 10:10:40 INFO  TestBase:26 - ==================verifyLoginWithInvalidCredentials=================
2017-11-05 10:10:40 INFO  HomePage:46 - Signing in
2017-11-05 10:10:45 INFO  HomePage:52 - Clicked Successfuly
2017-11-05 10:14:20 INFO  TestBase:26 - ==================verifyLoginWithInvalidCredentials=================
2017-11-05 10:14:20 INFO  HomePage:46 - Signing in
2017-11-05 10:14:25 INFO  HomePage:52 - Clicked Successfuly
2017-11-05 10:15:52 INFO  TestBase:26 - ==================verifyLoginWithInvalidCredentials=================
2017-11-05 10:15:52 INFO  HomePage:46 - Signing in
2017-11-05 10:15:59 INFO  HomePage:52 - Clicked Successfuly
2017-11-05 10:22:31 INFO  TestBase:26 - ==================verifyLoginWithInvalidCredentials=================
2017-11-05 10:22:31 INFO  HomePage:46 - Signing in
2017-11-05 10:22:37 INFO  HomePage:52 - Clicked Successfuly
2017-11-05 10:23:49 INFO  TC0001_Verify_Login_With_Invalid_Credentials:36 - ==================verifyLoginWithInvalidCredentials=================
2017-11-05 10:23:49 INFO  HomePage:111 - Signing in
2017-11-05 10:24:01 INFO  TC0001_Verify_Login_With_Invalid_Credentials:40 - ==================FinishedverifyingLoginWithInvalidCredentials=================
2017-11-05 10:24:09 INFO  HomePage:48 - Error Message is Hary Narke
2017-11-05 13:11:13 INFO  TestBase:35 - ==================verifyLoginWithInvalidCredentials=================
2017-11-05 13:11:13 INFO  HomePage:46 - Signing in
2017-11-05 13:11:21 INFO  HomePage:52 - Clicked Successfuly
2017-11-05 13:13:56 INFO  TestBase:36 - ==================verifyLoginWithInvalidCredentials=================
2017-11-05 13:13:56 INFO  HomePage:46 - Signing in
2017-11-05 13:14:02 INFO  HomePage:52 - Clicked Successfuly
2017-11-05 13:14:03 INFO  HomePage:62 - Error Message is Authentication failed.
2017-11-05 13:14:03 INFO  TestBase:40 - ==================FinishedverifyingLoginWithInvalidCredentials=================
2017-11-05 13:26:44 INFO  TestBase:35 - ==================verifyLoginWithInvalidCredentials=================
2017-11-05 13:26:44 INFO  HomePage:46 - Signing in
2017-11-05 13:26:50 INFO  HomePage:52 - Clicked Successfuly
2017-11-05 13:26:50 INFO  HomePage:62 - Error Message is Authentication failed.
2017-11-05 13:26:50 INFO  TestBase:39 - ==================FinishedverifyingLoginWithInvalidCredentials=================
2017-11-05 14:32:41 INFO  TC0001_Verify_Login_With_Invalid_Credentials:43 - ==================verifyLoginWithInvalidCredentials=================
2017-11-05 14:32:42 INFO  HomePage:99 - Signing in
2017-11-05 14:33:17 INFO  TC0001_Verify_Login_With_Invalid_Credentials:47 - ==================FinishedverifyingLoginWithInvalidCredentials=================
2017-11-05 14:45:30 INFO  TC0001_Verify_Login_With_Invalid_Credentials:43 - ==================verifyLoginWithInvalidCredentials=================
2017-11-05 14:45:31 INFO  HomePage:151 - Signing in
2017-11-05 14:49:01 INFO  TC0001_Verify_Login_With_Invalid_Credentials:43 - ==================verifyLoginWithInvalidCredentials=================
2017-11-05 14:49:02 INFO  HomePage:151 - Signing in
2017-11-05 14:53:27 INFO  TC0001_Verify_Login_With_Invalid_Credentials:43 - ==================verifyLoginWithInvalidCredentials=================
2017-11-05 14:53:28 INFO  HomePage:151 - Signing in
2017-11-05 14:54:57 INFO  TC0001_Verify_Login_With_Invalid_Credentials:43 - ==================verifyLoginWithInvalidCredentials=================
2017-11-05 14:54:58 INFO  HomePage:151 - Signing in
2017-11-05 14:56:59 INFO  TC0001_Verify_Login_With_Invalid_Credentials:43 - ==================verifyLoginWithInvalidCredentials=================
2017-11-05 14:57:00 INFO  HomePage:151 - Signing in
2017-11-05 15:07:16 INFO  TC0001_Verify_Login_With_Invalid_Credentials:43 - ==================verifyLoginWithInvalidCredentials=================
2017-11-05 15:07:17 INFO  HomePage:151 - Signing in
2017-11-05 15:12:48 INFO  TC0001_Verify_Login_With_Invalid_Credentials:43 - ==================verifyLoginWithInvalidCredentials=================
2017-11-05 15:12:49 INFO  HomePage:151 - Signing in
2017-11-05 15:13:02 INFO  TC0001_Verify_Login_With_Invalid_Credentials:47 - ==================FinishedverifyingLoginWithInvalidCredentials=================
2017-11-05 15:14:48 INFO  TC0001_Verify_Login_With_Invalid_Credentials:43 - ==================verifyLoginWithInvalidCredentials=================
2017-11-05 15:14:49 INFO  HomePage:151 - Signing in
2017-11-05 15:15:16 INFO  TC0001_Verify_Login_With_Invalid_Credentials:47 - ==================FinishedverifyingLoginWithInvalidCredentials=================
2017-11-05 15:19:45 INFO  TC0001_Verify_Login_With_Invalid_Credentials:43 - ==================verifyLoginWithInvalidCredentials=================
2017-11-05 15:19:46 INFO  HomePage:151 - Signing in
2017-11-05 15:19:59 INFO  TC0001_Verify_Login_With_Invalid_Credentials:47 - ==================FinishedverifyingLoginWithInvalidCredentials=================
2017-11-05 15:23:27 INFO  TC0001_Verify_Login_With_Invalid_Credentials:43 - ==================verifyLoginWithInvalidCredentials=================
2017-11-05 15:23:28 INFO  HomePage:151 - Signing in
2017-11-05 15:23:40 INFO  TC0001_Verify_Login_With_Invalid_Credentials:47 - ==================FinishedverifyingLoginWithInvalidCredentials=================
2017-11-05 15:23:48 INFO  HomePage:49 - Error Message is Hary Narke
2017-11-05 15:26:59 INFO  TC0001_Verify_Login_With_Invalid_Credentials:43 - ==================verifyLoginWithInvalidCredentials=================
2017-11-05 15:27:00 INFO  HomePage:151 - Signing in
2017-11-05 15:27:12 INFO  TC0001_Verify_Login_With_Invalid_Credentials:47 - ==================FinishedverifyingLoginWithInvalidCredentials=================
2017-11-05 15:27:18 INFO  HomePage:49 - Error Message is Hary Narke
2017-11-05 15:27:18 INFO  TC0001_Verify_Login_With_Invalid_Credentials:60 - ==================FinishedverifyingLoginWithInvalidCredentials=================
2017-11-05 17:59:53 INFO  TC0001_Verify_Login_With_Invalid_Credentials:36 - ==================verifyLoginWithInvalidCredentials=================
2017-11-05 17:59:54 INFO  HomePage:99 - Signing in
2017-11-05 18:00:29 INFO  TC0001_Verify_Login_With_Invalid_Credentials:40 - ==================FinishedverifyingLoginWithInvalidCredentials=================
2017-11-05 18:02:10 INFO  TC0001_Verify_Login_With_Invalid_Credentials:36 - ==================verifyLoginWithInvalidCredentials=================
2017-11-05 18:02:11 INFO  HomePage:99 - Signing in
2017-11-05 18:02:23 INFO  TC0001_Verify_Login_With_Invalid_Credentials:40 - ==================FinishedverifyingLoginWithInvalidCredentials=================
2017-11-05 18:02:30 INFO  HomePage:49 - Error Message is Hary Narke
2017-11-05 18:03:59 INFO  TC0001_Verify_Login_With_Invalid_Credentials:36 - ==================verifyLoginWithInvalidCredentials=================
2017-11-05 18:04:00 INFO  HomePage:99 - Signing in
2017-11-05 18:04:11 INFO  TC0001_Verify_Login_With_Invalid_Credentials:40 - ==================FinishedverifyingLoginWithInvalidCredentials=================
2017-11-05 18:04:17 INFO  HomePage:49 - Error Message is Hary Narke
2017-11-05 18:04:17 INFO  TC0001_Verify_Login_With_Invalid_Credentials:53 - ==================FinishedverifyingLoginWithInvalidCredentials=================
2017-11-05 18:47:42 INFO  TC0001_Verify_Login_With_Invalid_Credentials:38 - ==================verifyLoginWithInvalidCredentials=================
2017-11-05 18:50:04 INFO  HomePage:151 - Signing in
2017-11-05 19:19:02 INFO  TC0001_Verify_Login_With_Invalid_Credentials:38 - ==================verifyLoginWithInvalidCredentials=================
2017-11-05 19:19:03 INFO  HomePage:151 - Signing in
2017-11-05 19:19:51 INFO  TC0001_Verify_Login_With_Invalid_Credentials:42 - ==================FinishedverifyingLoginWithInvalidCredentials=================
2017-11-05 19:20:02 INFO  HomePage:49 - Error Message is Hary Narke
2017-11-05 19:20:02 INFO  TC0001_Verify_Login_With_Invalid_Credentials:56 - ==================FinishedverifyingLoginWithInvalidCredentials=================
2017-11-05 19:21:27 INFO  TC0001_Verify_Login_With_Invalid_Credentials:38 - ==================verifyLoginWithInvalidCredentials=================
2017-11-05 19:21:28 INFO  HomePage:151 - Signing in
2017-11-05 19:22:04 INFO  TC0001_Verify_Login_With_Invalid_Credentials:42 - ==================FinishedverifyingLoginWithInvalidCredentials=================
2017-11-05 20:48:55 INFO  TestBase:53 - Creating Object of firefox
2017-11-05 20:49:18 INFO  TestBase:39 - Navigating to :http://automationpractice.com/index.php
2017-11-05 20:49:19 INFO  TestBase:53 - Creating Object of firefox
2017-11-05 20:50:19 INFO  TestBase:39 - Navigating to :http://automationpractice.com/index.php
2017-11-05 20:50:25 INFO  TestBase:53 - Creating Object of firefox
2017-11-05 20:51:12 INFO  TestBase:39 - Navigating to :http://automationpractice.com/index.php
2017-11-05 20:51:13 INFO  TestBase:53 - Creating Object of firefox
2017-11-05 20:51:42 INFO  TestBase:39 - Navigating to :http://automationpractice.com/index.php
2017-11-05 20:51:45 INFO  TC0001_Verify_Login_With_Invalid_Credentials:35 - ==================verifyLoginWithInvalidCredentials=================
2017-11-05 20:51:54 INFO  HomePage:46 - Signing in
2017-11-05 20:52:36 INFO  HomePage:52 - Clicked Successfuly
2017-11-05 20:55:47 INFO  TestBase:53 - Creating Object of firefox
2017-11-05 21:09:56 INFO  TestBase:53 - Creating Object of firefox
2017-11-05 21:10:15 INFO  TestBase:39 - Navigating to :http://automationpractice.com/index.php
2017-11-05 21:10:15 INFO  TC0001_Verify_Login_With_Invalid_Credentials:35 - ==================verifyLoginWithInvalidCredentials=================
2017-11-05 21:10:16 INFO  HomePage:46 - Signing in
2017-11-05 21:10:24 INFO  HomePage:52 - Clicked Successfuly
2017-11-05 21:10:54 INFO  TC0001_Verify_Login_With_Invalid_Credentials:38 - ==================verifyLoginWithInvalidCredentials=================
2017-11-05 21:10:56 INFO  HomePage:151 - Signing in
2017-11-05 21:14:31 INFO  TC0001_Verify_Login_With_Invalid_Credentials:35 - ==================verifyLoginWithInvalidCredentials=================
2017-11-05 21:14:31 INFO  HomePage:46 - Signing in
2017-11-05 21:14:38 INFO  HomePage:52 - Clicked Successfuly
2017-11-05 21:19:28 INFO  TC0001_Verify_Login_With_Invalid_Credentials:38 - ==================verifyLoginWithInvalidCredentials=================
2017-11-05 21:19:29 INFO  HomePage:151 - Signing in
2017-11-05 21:20:04 INFO  TC0001_Verify_Login_With_Invalid_Credentials:42 - ==================FinishedverifyingLoginWithInvalidCredentials=================
2017-11-05 21:21:29 INFO  TC0001_Verify_Login_With_Invalid_Credentials:38 - ==================verifyLoginWithInvalidCredentials=================
2017-11-05 21:21:30 INFO  HomePage:151 - Signing in
2017-11-05 21:22:04 INFO  TC0001_Verify_Login_With_Invalid_Credentials:42 - ==================FinishedverifyingLoginWithInvalidCredentials=================
2017-11-05 21:26:15 INFO  TC0001_Verify_Login_With_Invalid_Credentials:38 - ==================verifyLoginWithInvalidCredentials=================
2017-11-05 21:26:16 INFO  HomePage:151 - Signing in
2017-11-05 21:29:10 INFO  TC0001_Verify_Login_With_Invalid_Credentials:38 - ==================verifyLoginWithInvalidCredentials=================
2017-11-05 21:29:11 INFO  HomePage:151 - Signing in
2017-11-05 21:30:42 INFO  TC0001_Verify_Login_With_Invalid_Credentials:38 - ==================verifyLoginWithInvalidCredentials=================
2017-11-05 21:30:43 INFO  HomePage:151 - Signing in
2017-11-05 21:30:55 INFO  TC0001_Verify_Login_With_Invalid_Credentials:42 - ==================FinishedverifyingLoginWithInvalidCredentials=================
2017-11-05 21:31:01 INFO  HomePage:49 - Error Message is Hary Narke
2017-11-05 21:31:01 INFO  TC0001_Verify_Login_With_Invalid_Credentials:56 - ==================FinishedverifyingLoginWithInvalidCredentials=================
2017-11-05 21:32:47 INFO  TC0001_Verify_Login_With_Invalid_Credentials:38 - ==================verifyLoginWithInvalidCredentials=================
2017-11-05 21:32:48 INFO  HomePage:151 - Signing in
2017-11-05 21:33:00 INFO  TC0001_Verify_Login_With_Invalid_Credentials:42 - ==================FinishedverifyingLoginWithInvalidCredentials=================
2017-11-05 21:33:06 INFO  HomePage:49 - Error Message is Hary Narke
2017-11-05 21:33:06 INFO  TC0001_Verify_Login_With_Invalid_Credentials:56 - ==================FinishedverifyingLoginWithInvalidCredentials=================
2017-11-12 18:11:43 INFO  TC0001_Verify_Login_With_Invalid_Credentials:38 - ==================verifyLoginWithInvalidCredentials=================
2017-11-12 18:11:45 INFO  HomePage:151 - Signing in
2017-11-12 18:12:28 INFO  TC0001_Verify_Login_With_Invalid_Credentials:42 - ==================FinishedverifyingLoginWithInvalidCredentials=================
2017-11-12 18:12:34 INFO  HomePage:49 - Error Message is Hary Narke
2017-11-12 18:12:34 INFO  TC0001_Verify_Login_With_Invalid_Credentials:56 - ==================FinishedverifyingLoginWithInvalidCredentials=================
2017-11-12 18:15:00 INFO  TC0001_Verify_Login_With_Invalid_Credentials:38 - ==================verifyLoginWithInvalidCredentials=================
2017-11-12 18:15:01 INFO  HomePage:151 - Signing in
2017-11-12 18:16:32 INFO  TC0001_Verify_Login_With_Invalid_Credentials:38 - ==================verifyLoginWithInvalidCredentials=================
2017-11-12 18:16:33 INFO  HomePage:151 - Signing in
2017-11-12 18:16:46 INFO  TC0001_Verify_Login_With_Invalid_Credentials:42 - ==================FinishedverifyingLoginWithInvalidCredentials=================
2017-11-12 18:16:52 INFO  HomePage:49 - Error Message is Hary Narke
2017-11-12 18:16:52 INFO  TC0001_Verify_Login_With_Invalid_Credentials:56 - ==================FinishedverifyingLoginWithInvalidCredentials=================
2017-11-12 18:18:00 INFO  TestBase:26 - ==================verifyLoginWithInvalidCredentials=================
2017-11-12 18:18:00 INFO  HomePage:41 - Signing in
2017-11-12 18:18:07 INFO  HomePage:47 - Clicked Successfuly
